#
# There is insufficient memory for the Java Runtime Environment to continue.
# Native memory allocation (malloc) failed to allocate 1048576 bytes for AllocateHeap
# Possible reasons:
#   The system is out of physical RAM or swap space
#   In 32 bit mode, the process size limit was hit
# Possible solutions:
#   Reduce memory load on the system
#   Increase physical memory or swap space
#   Check if swap backing store is full
#   Use 64 bit Java on a 64 bit OS
#   Decrease Java heap size (-Xmx/-Xms)
#   Decrease number of Java threads
#   Decrease Java thread stack sizes (-Xss)
#   Set larger code cache with -XX:ReservedCodeCacheSize=
# This output file may be truncated or incomplete.
#
#  Out of Memory Error (memory/allocation.inline.hpp:61), pid=3044, tid=0x0000000000002340
#
# JRE version:  (8.0_111-b14) (build )
# Java VM: Java HotSpot(TM) 64-Bit Server VM (25.111-b14 mixed mode windows-amd64 compressed oops)
# Failed to write core dump. Minidumps are not enabled by default on client versions of Windows
#

---------------  T H R E A D  ---------------

Current thread (0x0000000002980800):  JavaThread "Unknown thread" [_thread_in_vm, id=9024, stack(0x0000000002880000,0x0000000002980000)]

Stack: [0x0000000002880000,0x0000000002980000]
[error occurred during error reporting (printing stack bounds), id 0xc0000005]

Native frames: (J=compiled Java code, j=interpreted, Vv=VM code, C=native code)


---------------  P R O C E S S  ---------------

Java Threads: ( => current thread )

Other Threads:

=>0x0000000002980800 (exited) JavaThread "Unknown thread" [_thread_in_vm, id=9024, stack(0x0000000002880000,0x0000000002980000)]

VM state:not at safepoint (normal execution)

VM Mutex/Monitor currently owned by a thread: None

Heap:
 PSYoungGen      total 76288K, used 1310K [0x000000076b000000, 0x0000000770500000, 0x00000007c0000000)
  eden space 65536K, 2% used [0x000000076b000000,0x000000076b147af0,0x000000076f000000)
  from space 10752K, 0% used [0x000000076fa80000,0x000000076fa80000,0x0000000770500000)
  to   space 10752K, 0% used [0x000000076f000000,0x000000076f000000,0x000000076fa80000)
 ParOldGen       total 175104K, used 0K [0x00000006c1000000, 0x00000006cbb00000, 0x000000076b000000)
  object space 175104K, 0% used [0x00000006c1000000,0x00000006c1000000,0x00000006cbb00000)
 Metaspace       used 770K, capacity 4480K, committed 4480K, reserved 1056768K
  class space    used 75K, capacity 384K, committed 384K, reserved 1048576K

Card table byte_map: [0x0000000011e40000,0x0000000012640000] byte_map_base: 0x000000000e838000

Marking Bits: (ParMarkBitMap*) 0x000000007620a6c0
 Begin Bits: [0x0000000013590000, 0x0000000017550000)
 End Bits:   [0x0000000017550000, 0x000000001b510000)

Polling page: 0x00000000009d0000

CodeCache: size=245760Kb used=327Kb max_used=327Kb free=245432Kb
 bounds [0x0000000002a80000, 0x0000000002cf0000, 0x0000000011a80000]
 total_blobs=57 nmethods=0 adapters=38
 compilation: enabled

Compilation events (0 events):
No events

GC Heap History (0 events):
No events

Deoptimization events (0 events):
No events

Internal exceptions (0 events):
No events

Events (10 events):
Event: 0.027 loading class java/lang/Short
Event: 0.027 loading class java/lang/Short done
Event: 0.027 loading class java/lang/Integer
Event: 0.027 loading class java/lang/Integer done
Event: 0.027 loading class java/lang/Long
Event: 0.027 loading class java/lang/Long done
Event: 0.028 loading class java/lang/NullPointerException
Event: 0.028 loading class java/lang/NullPointerException done
Event: 0.028 loading class java/lang/ArithmeticException
Event: 0.028 loading class java/lang/ArithmeticException done


Dynamic libraries:
0x00007ff78df40000 - 0x00007ff78df77000 	D:\Programas Faculdade\jdk1.8.0_111\bin\java.exe
0x00007ffcce9e0000 - 0x00007ffccebd0000 	C:\WINDOWS\SYSTEM32\ntdll.dll
0x00007ffccd8a0000 - 0x00007ffccd952000 	C:\WINDOWS\System32\KERNEL32.DLL
0x00007ffccbb10000 - 0x00007ffccbdb3000 	C:\WINDOWS\System32\KERNELBASE.dll
0x00007ffccd610000 - 0x00007ffccd6b3000 	C:\WINDOWS\System32\ADVAPI32.dll
0x00007ffccd6d0000 - 0x00007ffccd76e000 	C:\WINDOWS\System32\msvcrt.dll
0x00007ffcce5c0000 - 0x00007ffcce657000 	C:\WINDOWS\System32\sechost.dll
0x00007ffccd770000 - 0x00007ffccd890000 	C:\WINDOWS\System32\RPCRT4.dll
0x00007ffcce180000 - 0x00007ffcce313000 	C:\WINDOWS\System32\USER32.dll
0x00007ffccc200000 - 0x00007ffccc221000 	C:\WINDOWS\System32\win32u.dll
0x00007ffccd200000 - 0x00007ffccd226000 	C:\WINDOWS\System32\GDI32.dll
0x00007ffccb970000 - 0x00007ffccbb04000 	C:\WINDOWS\System32\gdi32full.dll
0x00007ffccc100000 - 0x00007ffccc19e000 	C:\WINDOWS\System32\msvcp_win.dll
0x00007ffccbf90000 - 0x00007ffccc08a000 	C:\WINDOWS\System32\ucrtbase.dll
0x00007ffcc2e40000 - 0x00007ffcc30c5000 	C:\WINDOWS\WinSxS\amd64_microsoft.windows.common-controls_6595b64144ccf1df_6.0.18362.356_none_e6c4af7d130f27cc\COMCTL32.dll
0x00007ffcce660000 - 0x00007ffcce996000 	C:\WINDOWS\System32\combase.dll
0x00007ffccbdc0000 - 0x00007ffccbe40000 	C:\WINDOWS\System32\bcryptPrimitives.dll
0x00007ffccd230000 - 0x00007ffccd25e000 	C:\WINDOWS\System32\IMM32.DLL
0x0000000077e10000 - 0x0000000077ee2000 	D:\Programas Faculdade\jdk1.8.0_111\jre\bin\msvcr100.dll
0x00000000759f0000 - 0x000000007628a000 	D:\Programas Faculdade\jdk1.8.0_111\jre\bin\server\jvm.dll
0x00007ffccd6c0000 - 0x00007ffccd6c8000 	C:\WINDOWS\System32\PSAPI.DLL
0x00007ffcbb050000 - 0x00007ffcbb059000 	C:\WINDOWS\SYSTEM32\WSOCK32.dll
0x00007ffcc8570000 - 0x00007ffcc8594000 	C:\WINDOWS\SYSTEM32\WINMM.dll
0x00007ffcc53f0000 - 0x00007ffcc53fa000 	C:\WINDOWS\SYSTEM32\VERSION.dll
0x00007ffcce550000 - 0x00007ffcce5bf000 	C:\WINDOWS\System32\WS2_32.dll
0x00007ffcc8540000 - 0x00007ffcc856d000 	C:\WINDOWS\SYSTEM32\WINMMBASE.dll
0x00007ffccc0b0000 - 0x00007ffccc0fa000 	C:\WINDOWS\System32\cfgmgr32.dll
0x0000000050000000 - 0x000000005000f000 	D:\Programas Faculdade\jdk1.8.0_111\jre\bin\verify.dll
0x0000000075980000 - 0x00000000759a9000 	D:\Programas Faculdade\jdk1.8.0_111\jre\bin\java.dll
0x0000000075960000 - 0x0000000075976000 	D:\Programas Faculdade\jdk1.8.0_111\jre\bin\zip.dll

VM Arguments:
jvm_args: -Dfile.encoding=UTF-8 
java_command: jogodecartas.Jogo
java_class_path (initial): C:\Users\Pichau\Documents\NetBeansProjects\POO-Pif-Paf\build\classes
Launcher Type: SUN_STANDARD

Environment Variables:
PATH=C:\Program Files (x86)\NVIDIA Corporation\PhysX\Common;C:\ProgramData\Oracle\Java\javapath;C:\WINDOWS\system32;C:\WINDOWS;C:\WINDOWS\System32\Wbem;C:\WINDOWS\System32\WindowsPowerShell\v1.0\;C:\WINDOWS\System32\OpenSSH\;C:\Program Files\Git\cmd;C:\Users\Pichau\AppData\Local\Microsoft\WindowsApps;;C:\Users\Pichau\AppData\Local\Programs\Microsoft VS Code\bin
USERNAME=Pichau
OS=Windows_NT
PROCESSOR_IDENTIFIER=AMD64 Family 23 Model 8 Stepping 2, AuthenticAMD



---------------  S Y S T E M  ---------------

OS: Windows 10.0 , 64 bit Build 18362 (10.0.18362.329)

CPU:total 12 (12 cores per cpu, 1 threads per core) family 23 model 8 stepping 2, cmov, cx8, fxsr, mmx, sse, sse2, sse3, ssse3, sse4.1, sse4.2, popcnt, avx, avx2, aes, clmul, mmxext, 3dnowpref, lzcnt, sse4a, tsc, tscinvbit, tscinv, bmi1

Memory: 4k page, physical 16708452k(7023752k free), swap 18805604k(5896k free)

vm_info: Java HotSpot(TM) 64-Bit Server VM (25.111-b14) for windows-amd64 JRE (1.8.0_111-b14), built on Sep 22 2016 19:24:05 by "java_re" with MS VC++ 10.0 (VS2010)

time: Fri Sep 13 12:43:10 2019
elapsed time: 0 seconds (0d 0h 0m 0s)

